{"C:\\Users\\raquel.saavedra\\Documents\\Projects\\movie-service-app\\src\\index.js": {"path":"C:\\Users\\raquel.saavedra\\Documents\\Projects\\movie-service-app\\src\\index.js","statementMap":{"0":{"start":{"line":7,"column":0},"end":{"line":11,"column":33}}},"fnMap":{},"branchMap":{},"s":{"0":0},"f":{},"b":{},"hash":"752a25713eb4b03cbbf4a5fe57b3f98e5b791a7b"}
,"C:\\Users\\raquel.saavedra\\Documents\\Projects\\movie-service-app\\src\\js\\App.js": {"path":"C:\\Users\\raquel.saavedra\\Documents\\Projects\\movie-service-app\\src\\js\\App.js","statementMap":{"0":{"start":{"line":6,"column":12},"end":{"line":13,"column":1}},"1":{"start":{"line":7,"column":2},"end":{"line":11,"column":3}}},"fnMap":{"0":{"name":"(anonymous_0)","decl":{"start":{"line":6,"column":12},"end":{"line":6,"column":13}},"loc":{"start":{"line":6,"column":18},"end":{"line":13,"column":1}},"line":6}},"branchMap":{},"s":{"0":0,"1":0},"f":{"0":0},"b":{},"hash":"7ec91253a8466b3e39ab055a101e2aafdadd6188"}
,"C:\\Users\\raquel.saavedra\\Documents\\Projects\\movie-service-app\\src\\js\\components\\header-component.js": {"path":"C:\\Users\\raquel.saavedra\\Documents\\Projects\\movie-service-app\\src\\js\\components\\header-component.js","statementMap":{"0":{"start":{"line":6,"column":15},"end":{"line":26,"column":1}},"1":{"start":{"line":7,"column":8},"end":{"line":25,"column":14}}},"fnMap":{"0":{"name":"(anonymous_0)","decl":{"start":{"line":6,"column":15},"end":{"line":6,"column":16}},"loc":{"start":{"line":7,"column":8},"end":{"line":25,"column":14}},"line":7}},"branchMap":{},"s":{"0":0,"1":0},"f":{"0":0},"b":{},"hash":"24eb8c908dbf8b1e0b637d442a3bb763a1820133"}
,"C:\\Users\\raquel.saavedra\\Documents\\Projects\\movie-service-app\\src\\js\\components\\home-component.js": {"path":"C:\\Users\\raquel.saavedra\\Documents\\Projects\\movie-service-app\\src\\js\\components\\home-component.js","statementMap":{"0":{"start":{"line":8,"column":4},"end":{"line":8,"column":17}},"1":{"start":{"line":9,"column":4},"end":{"line":9,"column":43}},"2":{"start":{"line":10,"column":4},"end":{"line":14,"column":6}},"3":{"start":{"line":18,"column":6},"end":{"line":18,"column":25}},"4":{"start":{"line":24,"column":4},"end":{"line":33,"column":9}},"5":{"start":{"line":25,"column":8},"end":{"line":25,"column":37}},"6":{"start":{"line":26,"column":20},"end":{"line":26,"column":36}},"7":{"start":{"line":27,"column":29},"end":{"line":27,"column":31}},"8":{"start":{"line":28,"column":8},"end":{"line":30,"column":9}},"9":{"start":{"line":28,"column":21},"end":{"line":28,"column":22}},"10":{"start":{"line":29,"column":10},"end":{"line":29,"column":40}},"11":{"start":{"line":31,"column":8},"end":{"line":31,"column":42}},"12":{"start":{"line":35,"column":6},"end":{"line":44,"column":9}},"13":{"start":{"line":36,"column":8},"end":{"line":36,"column":37}},"14":{"start":{"line":37,"column":20},"end":{"line":37,"column":36}},"15":{"start":{"line":38,"column":27},"end":{"line":38,"column":29}},"16":{"start":{"line":39,"column":8},"end":{"line":41,"column":9}},"17":{"start":{"line":39,"column":21},"end":{"line":39,"column":22}},"18":{"start":{"line":40,"column":10},"end":{"line":40,"column":38}},"19":{"start":{"line":42,"column":8},"end":{"line":42,"column":40}},"20":{"start":{"line":51,"column":4},"end":{"line":51,"column":30}},"21":{"start":{"line":56,"column":25},"end":{"line":62,"column":6}},"22":{"start":{"line":57,"column":6},"end":{"line":61,"column":18}},"23":{"start":{"line":64,"column":23},"end":{"line":70,"column":6}},"24":{"start":{"line":65,"column":6},"end":{"line":69,"column":18}},"25":{"start":{"line":72,"column":4},"end":{"line":94,"column":6}}},"fnMap":{"0":{"name":"(anonymous_0)","decl":{"start":{"line":7,"column":2},"end":{"line":7,"column":3}},"loc":{"start":{"line":7,"column":21},"end":{"line":15,"column":3}},"line":7},"1":{"name":"(anonymous_1)","decl":{"start":{"line":17,"column":2},"end":{"line":17,"column":3}},"loc":{"start":{"line":17,"column":22},"end":{"line":19,"column":3}},"line":17},"2":{"name":"(anonymous_2)","decl":{"start":{"line":22,"column":2},"end":{"line":22,"column":3}},"loc":{"start":{"line":22,"column":17},"end":{"line":47,"column":3}},"line":22},"3":{"name":"(anonymous_3)","decl":{"start":{"line":24,"column":51},"end":{"line":24,"column":52}},"loc":{"start":{"line":24,"column":63},"end":{"line":33,"column":7}},"line":24},"4":{"name":"(anonymous_4)","decl":{"start":{"line":35,"column":54},"end":{"line":35,"column":55}},"loc":{"start":{"line":35,"column":66},"end":{"line":44,"column":7}},"line":35},"5":{"name":"(anonymous_5)","decl":{"start":{"line":49,"column":2},"end":{"line":49,"column":3}},"loc":{"start":{"line":49,"column":14},"end":{"line":52,"column":3}},"line":49},"6":{"name":"(anonymous_6)","decl":{"start":{"line":54,"column":2},"end":{"line":54,"column":3}},"loc":{"start":{"line":54,"column":11},"end":{"line":95,"column":3}},"line":54},"7":{"name":"(anonymous_7)","decl":{"start":{"line":56,"column":55},"end":{"line":56,"column":56}},"loc":{"start":{"line":56,"column":64},"end":{"line":62,"column":5}},"line":56},"8":{"name":"(anonymous_8)","decl":{"start":{"line":64,"column":51},"end":{"line":64,"column":52}},"loc":{"start":{"line":64,"column":60},"end":{"line":70,"column":5}},"line":64}},"branchMap":{},"s":{"0":0,"1":0,"2":0,"3":0,"4":0,"5":0,"6":0,"7":0,"8":0,"9":0,"10":0,"11":0,"12":0,"13":0,"14":0,"15":0,"16":0,"17":0,"18":0,"19":0,"20":0,"21":0,"22":0,"23":0,"24":0,"25":0},"f":{"0":0,"1":0,"2":0,"3":0,"4":0,"5":0,"6":0,"7":0,"8":0},"b":{},"hash":"a14a148482129826beda39aa72a5fb31a5fa4128"}
,"C:\\Users\\raquel.saavedra\\Documents\\Projects\\movie-service-app\\src\\js\\components\\latest-component.js": {"path":"C:\\Users\\raquel.saavedra\\Documents\\Projects\\movie-service-app\\src\\js\\components\\latest-component.js","statementMap":{"0":{"start":{"line":4,"column":15},"end":{"line":9,"column":1}},"1":{"start":{"line":5,"column":2},"end":{"line":8,"column":5}}},"fnMap":{"0":{"name":"(anonymous_0)","decl":{"start":{"line":4,"column":15},"end":{"line":4,"column":16}},"loc":{"start":{"line":5,"column":2},"end":{"line":8,"column":5}},"line":5}},"branchMap":{},"s":{"0":0,"1":0},"f":{"0":0},"b":{},"hash":"4821113ad4ffe8916a0dae1b3750ac5f7cc6c2cf"}
,"C:\\Users\\raquel.saavedra\\Documents\\Projects\\movie-service-app\\src\\js\\components\\main-component.js": {"path":"C:\\Users\\raquel.saavedra\\Documents\\Projects\\movie-service-app\\src\\js\\components\\main-component.js","statementMap":{"0":{"start":{"line":13,"column":13},"end":{"line":24,"column":1}},"1":{"start":{"line":14,"column":4},"end":{"line":23,"column":13}}},"fnMap":{"0":{"name":"(anonymous_0)","decl":{"start":{"line":13,"column":13},"end":{"line":13,"column":14}},"loc":{"start":{"line":14,"column":4},"end":{"line":23,"column":13}},"line":14}},"branchMap":{},"s":{"0":0,"1":0},"f":{"0":0},"b":{},"hash":"b2f19fb9caa76907b843d5fff9be5b1387731d8d"}
,"C:\\Users\\raquel.saavedra\\Documents\\Projects\\movie-service-app\\src\\js\\components\\movies-component.js": {"path":"C:\\Users\\raquel.saavedra\\Documents\\Projects\\movie-service-app\\src\\js\\components\\movies-component.js","statementMap":{"0":{"start":{"line":4,"column":15},"end":{"line":9,"column":1}},"1":{"start":{"line":5,"column":2},"end":{"line":8,"column":5}}},"fnMap":{"0":{"name":"(anonymous_0)","decl":{"start":{"line":4,"column":15},"end":{"line":4,"column":16}},"loc":{"start":{"line":5,"column":2},"end":{"line":8,"column":5}},"line":5}},"branchMap":{},"s":{"0":0,"1":0},"f":{"0":0},"b":{},"hash":"2c1ef15aa9382eb6976104ad21ed6cf5d822c656"}
,"C:\\Users\\raquel.saavedra\\Documents\\Projects\\movie-service-app\\src\\js\\components\\select-profile-component.js": {"path":"C:\\Users\\raquel.saavedra\\Documents\\Projects\\movie-service-app\\src\\js\\components\\select-profile-component.js","statementMap":{"0":{"start":{"line":7,"column":22},"end":{"line":48,"column":1}},"1":{"start":{"line":8,"column":2},"end":{"line":47,"column":5}}},"fnMap":{"0":{"name":"(anonymous_0)","decl":{"start":{"line":7,"column":22},"end":{"line":7,"column":23}},"loc":{"start":{"line":8,"column":2},"end":{"line":47,"column":5}},"line":8}},"branchMap":{},"s":{"0":0,"1":0},"f":{"0":0},"b":{},"hash":"c4c38fd69acfdfdf3efd587828fe0f34d1455f01"}
,"C:\\Users\\raquel.saavedra\\Documents\\Projects\\movie-service-app\\src\\js\\components\\sign-in-component.js": {"path":"C:\\Users\\raquel.saavedra\\Documents\\Projects\\movie-service-app\\src\\js\\components\\sign-in-component.js","statementMap":{"0":{"start":{"line":9,"column":2},"end":{"line":9,"column":10}},"1":{"start":{"line":11,"column":2},"end":{"line":13,"column":3}},"2":{"start":{"line":18,"column":2},"end":{"line":20,"column":5}},"3":{"start":{"line":25,"column":2},"end":{"line":25,"column":25}},"4":{"start":{"line":26,"column":2},"end":{"line":26,"column":26}},"5":{"start":{"line":31,"column":2},"end":{"line":62,"column":4}}},"fnMap":{"0":{"name":"(anonymous_0)","decl":{"start":{"line":8,"column":1},"end":{"line":8,"column":2}},"loc":{"start":{"line":8,"column":15},"end":{"line":14,"column":2}},"line":8},"1":{"name":"(anonymous_1)","decl":{"start":{"line":16,"column":1},"end":{"line":16,"column":2}},"loc":{"start":{"line":16,"column":21},"end":{"line":21,"column":2}},"line":16},"2":{"name":"(anonymous_2)","decl":{"start":{"line":24,"column":1},"end":{"line":24,"column":2}},"loc":{"start":{"line":24,"column":21},"end":{"line":28,"column":2}},"line":24},"3":{"name":"(anonymous_3)","decl":{"start":{"line":30,"column":1},"end":{"line":30,"column":2}},"loc":{"start":{"line":30,"column":10},"end":{"line":63,"column":2}},"line":30}},"branchMap":{},"s":{"0":0,"1":0,"2":0,"3":0,"4":0,"5":0},"f":{"0":0,"1":0,"2":0,"3":0},"b":{},"hash":"9edc608ceff73bcef3c2a55db5f902b328a633a5"}
,"C:\\Users\\raquel.saavedra\\Documents\\Projects\\movie-service-app\\src\\js\\components\\tvshows-component.js": {"path":"C:\\Users\\raquel.saavedra\\Documents\\Projects\\movie-service-app\\src\\js\\components\\tvshows-component.js","statementMap":{"0":{"start":{"line":5,"column":16},"end":{"line":10,"column":1}},"1":{"start":{"line":6,"column":2},"end":{"line":9,"column":5}}},"fnMap":{"0":{"name":"(anonymous_0)","decl":{"start":{"line":5,"column":16},"end":{"line":5,"column":17}},"loc":{"start":{"line":6,"column":2},"end":{"line":9,"column":5}},"line":6}},"branchMap":{},"s":{"0":0,"1":0},"f":{"0":0},"b":{},"hash":"67b524423c04391e9d2067ed3ca3bdeb33730f05"}
,"C:\\Users\\raquel.saavedra\\Documents\\Projects\\movie-service-app\\src\\js\\services\\movie-service.js": {"path":"C:\\Users\\raquel.saavedra\\Documents\\Projects\\movie-service-app\\src\\js\\services\\movie-service.js","statementMap":{"0":{"start":{"line":8,"column":2},"end":{"line":20,"column":4}},"1":{"start":{"line":9,"column":17},"end":{"line":9,"column":37}},"2":{"start":{"line":10,"column":3},"end":{"line":10,"column":134}},"3":{"start":{"line":11,"column":3},"end":{"line":14,"column":5}},"4":{"start":{"line":12,"column":4},"end":{"line":12,"column":38}},"5":{"start":{"line":15,"column":3},"end":{"line":17,"column":4}},"6":{"start":{"line":16,"column":4},"end":{"line":16,"column":60}},"7":{"start":{"line":18,"column":3},"end":{"line":18,"column":22}},"8":{"start":{"line":24,"column":2},"end":{"line":36,"column":4}},"9":{"start":{"line":25,"column":17},"end":{"line":25,"column":37}},"10":{"start":{"line":26,"column":3},"end":{"line":26,"column":252}},"11":{"start":{"line":27,"column":3},"end":{"line":30,"column":5}},"12":{"start":{"line":28,"column":4},"end":{"line":28,"column":38}},"13":{"start":{"line":31,"column":3},"end":{"line":33,"column":4}},"14":{"start":{"line":32,"column":4},"end":{"line":32,"column":60}},"15":{"start":{"line":34,"column":3},"end":{"line":34,"column":22}},"16":{"start":{"line":40,"column":2},"end":{"line":52,"column":4}},"17":{"start":{"line":41,"column":17},"end":{"line":41,"column":37}},"18":{"start":{"line":42,"column":3},"end":{"line":42,"column":141}},"19":{"start":{"line":43,"column":3},"end":{"line":46,"column":5}},"20":{"start":{"line":44,"column":4},"end":{"line":44,"column":38}},"21":{"start":{"line":47,"column":3},"end":{"line":49,"column":4}},"22":{"start":{"line":48,"column":4},"end":{"line":48,"column":60}},"23":{"start":{"line":50,"column":3},"end":{"line":50,"column":22}},"24":{"start":{"line":56,"column":2},"end":{"line":68,"column":4}},"25":{"start":{"line":57,"column":17},"end":{"line":57,"column":37}},"26":{"start":{"line":58,"column":3},"end":{"line":58,"column":132}},"27":{"start":{"line":59,"column":3},"end":{"line":62,"column":5}},"28":{"start":{"line":60,"column":4},"end":{"line":60,"column":38}},"29":{"start":{"line":63,"column":3},"end":{"line":65,"column":4}},"30":{"start":{"line":64,"column":4},"end":{"line":64,"column":60}},"31":{"start":{"line":66,"column":3},"end":{"line":66,"column":22}}},"fnMap":{"0":{"name":"(anonymous_0)","decl":{"start":{"line":6,"column":1},"end":{"line":6,"column":2}},"loc":{"start":{"line":6,"column":13},"end":{"line":21,"column":2}},"line":6},"1":{"name":"(anonymous_1)","decl":{"start":{"line":8,"column":21},"end":{"line":8,"column":22}},"loc":{"start":{"line":8,"column":42},"end":{"line":20,"column":3}},"line":8},"2":{"name":"(anonymous_2)","decl":{"start":{"line":11,"column":20},"end":{"line":11,"column":21}},"loc":{"start":{"line":11,"column":32},"end":{"line":14,"column":4}},"line":11},"3":{"name":"(anonymous_3)","decl":{"start":{"line":15,"column":21},"end":{"line":15,"column":22}},"loc":{"start":{"line":15,"column":33},"end":{"line":17,"column":4}},"line":15},"4":{"name":"(anonymous_4)","decl":{"start":{"line":23,"column":1},"end":{"line":23,"column":2}},"loc":{"start":{"line":23,"column":27},"end":{"line":37,"column":2}},"line":23},"5":{"name":"(anonymous_5)","decl":{"start":{"line":24,"column":21},"end":{"line":24,"column":22}},"loc":{"start":{"line":24,"column":42},"end":{"line":36,"column":3}},"line":24},"6":{"name":"(anonymous_6)","decl":{"start":{"line":27,"column":20},"end":{"line":27,"column":21}},"loc":{"start":{"line":27,"column":32},"end":{"line":30,"column":4}},"line":27},"7":{"name":"(anonymous_7)","decl":{"start":{"line":31,"column":21},"end":{"line":31,"column":22}},"loc":{"start":{"line":31,"column":33},"end":{"line":33,"column":4}},"line":31},"8":{"name":"(anonymous_8)","decl":{"start":{"line":39,"column":1},"end":{"line":39,"column":2}},"loc":{"start":{"line":39,"column":25},"end":{"line":53,"column":2}},"line":39},"9":{"name":"(anonymous_9)","decl":{"start":{"line":40,"column":21},"end":{"line":40,"column":22}},"loc":{"start":{"line":40,"column":42},"end":{"line":52,"column":3}},"line":40},"10":{"name":"(anonymous_10)","decl":{"start":{"line":43,"column":20},"end":{"line":43,"column":21}},"loc":{"start":{"line":43,"column":32},"end":{"line":46,"column":4}},"line":43},"11":{"name":"(anonymous_11)","decl":{"start":{"line":47,"column":21},"end":{"line":47,"column":22}},"loc":{"start":{"line":47,"column":33},"end":{"line":49,"column":4}},"line":47},"12":{"name":"(anonymous_12)","decl":{"start":{"line":55,"column":1},"end":{"line":55,"column":2}},"loc":{"start":{"line":55,"column":29},"end":{"line":69,"column":2}},"line":55},"13":{"name":"(anonymous_13)","decl":{"start":{"line":56,"column":21},"end":{"line":56,"column":22}},"loc":{"start":{"line":56,"column":42},"end":{"line":68,"column":3}},"line":56},"14":{"name":"(anonymous_14)","decl":{"start":{"line":59,"column":20},"end":{"line":59,"column":21}},"loc":{"start":{"line":59,"column":32},"end":{"line":62,"column":4}},"line":59},"15":{"name":"(anonymous_15)","decl":{"start":{"line":63,"column":21},"end":{"line":63,"column":22}},"loc":{"start":{"line":63,"column":33},"end":{"line":65,"column":4}},"line":63}},"branchMap":{},"s":{"0":0,"1":0,"2":0,"3":0,"4":0,"5":0,"6":0,"7":0,"8":0,"9":0,"10":0,"11":0,"12":0,"13":0,"14":0,"15":0,"16":0,"17":0,"18":0,"19":0,"20":0,"21":0,"22":0,"23":0,"24":1,"25":1,"26":1,"27":1,"28":1,"29":1,"30":0,"31":1},"f":{"0":0,"1":0,"2":0,"3":0,"4":0,"5":0,"6":0,"7":0,"8":0,"9":0,"10":0,"11":0,"12":1,"13":1,"14":1,"15":0},"b":{},"_coverageSchema":"43e27e138ebf9cfc5966b082cf9a028302ed4184","hash":"93cb858e187447bc68832cd2e72b58b1d093dbbc"}
}
